2019-01-15 00:01:31,525 INFO  [main] QlThuoc1Application: Starting QlThuoc1Application on NTDSIVAL with PID 13652 (E:\QLThuocTay\QLThuoc-1\bin\main started by NTDSIVAL in E:\QLThuocTay\QLThuoc-1)
2019-01-15 00:01:31,529 DEBUG [main] QlThuoc1Application: Running with Spring Boot v2.2.0.BUILD-SNAPSHOT, Spring v5.1.4.RELEASE
2019-01-15 00:01:31,530 INFO  [main] QlThuoc1Application: No active profile set, falling back to default profiles: default
2019-01-15 00:01:37,877 DEBUG [main] SQL: alter table tai_khoan add column date_create timestamp
2019-01-15 00:01:37,891 DEBUG [main] SQL: alter table tai_khoan add column image_url varchar(255)
2019-01-15 00:01:37,900 DEBUG [main] SQL: alter table tai_khoan drop constraint if exists UKd0golrlr34gkql6so1i4gbuw5
2019-01-15 00:01:37,901 WARN  [main] SqlExceptionHelper: SQL Warning Code: 0, SQLState: 00000
2019-01-15 00:01:37,902 WARN  [main] SqlExceptionHelper: constraint "ukd0golrlr34gkql6so1i4gbuw5" of relation "tai_khoan" does not exist, skipping
2019-01-15 00:01:37,903 DEBUG [main] SQL: alter table tai_khoan add constraint UKd0golrlr34gkql6so1i4gbuw5 unique (email)
2019-01-15 00:01:38,673 DEBUG [main] TokenAuthenticationFilter: Filter 'tokenAuthenticationFilter' configured for use
2019-01-15 00:01:38,944 WARN  [main] JpaBaseConfiguration$JpaWebConfiguration$JpaWebMvcConfiguration: spring.jpa.open-in-view is enabled by default. Therefore, database queries may be performed during view rendering. Explicitly configure spring.jpa.open-in-view to disable this warning
2019-01-15 00:01:39,495 INFO  [main] QlThuoc1Application: Started QlThuoc1Application in 8.75 seconds (JVM running for 9.698)
2019-01-15 00:02:41,855 INFO  [main] QlThuoc1Application: Starting QlThuoc1Application on NTDSIVAL with PID 10244 (E:\QLThuocTay\QLThuoc-1\bin\main started by NTDSIVAL in E:\QLThuocTay\QLThuoc-1)
2019-01-15 00:02:41,859 DEBUG [main] QlThuoc1Application: Running with Spring Boot v2.2.0.BUILD-SNAPSHOT, Spring v5.1.4.RELEASE
2019-01-15 00:02:41,860 INFO  [main] QlThuoc1Application: No active profile set, falling back to default profiles: default
2019-01-15 00:02:48,185 DEBUG [main] SQL: alter table tai_khoan add column image_url varchar(255)
2019-01-15 00:02:48,207 DEBUG [main] SQL: alter table tai_khoan drop constraint if exists UKd0golrlr34gkql6so1i4gbuw5
2019-01-15 00:02:48,209 WARN  [main] SqlExceptionHelper: SQL Warning Code: 0, SQLState: 00000
2019-01-15 00:02:48,209 WARN  [main] SqlExceptionHelper: constraint "ukd0golrlr34gkql6so1i4gbuw5" of relation "tai_khoan" does not exist, skipping
2019-01-15 00:02:48,209 DEBUG [main] SQL: alter table tai_khoan add constraint UKd0golrlr34gkql6so1i4gbuw5 unique (email)
2019-01-15 00:02:48,994 DEBUG [main] TokenAuthenticationFilter: Filter 'tokenAuthenticationFilter' configured for use
2019-01-15 00:02:49,272 WARN  [main] JpaBaseConfiguration$JpaWebConfiguration$JpaWebMvcConfiguration: spring.jpa.open-in-view is enabled by default. Therefore, database queries may be performed during view rendering. Explicitly configure spring.jpa.open-in-view to disable this warning
2019-01-15 00:02:49,824 INFO  [main] QlThuoc1Application: Started QlThuoc1Application in 8.799 seconds (JVM running for 9.77)
2019-01-15 00:04:23,641 INFO  [main] QlThuoc1Application: Starting QlThuoc1Application on NTDSIVAL with PID 10520 (E:\QLThuocTay\QLThuoc-1\bin\main started by NTDSIVAL in E:\QLThuocTay\QLThuoc-1)
2019-01-15 00:04:23,644 DEBUG [main] QlThuoc1Application: Running with Spring Boot v2.2.0.BUILD-SNAPSHOT, Spring v5.1.4.RELEASE
2019-01-15 00:04:23,644 INFO  [main] QlThuoc1Application: No active profile set, falling back to default profiles: default
2019-01-15 00:04:28,436 ERROR [main] ChangeSet: Change Set liquibase/changelog/201812202251_added_table_tai_khoan.xml::201812202251-1::ntduoc failed.  Error: java.sql.BatchUpdateException: Batch entry 0 INSERT INTO public.tai_khoan(ten_dang_nhap, email, mat_khau, hoat_dong, xac_thuc_email) VALUES('ntduoc', 'ntduoc@gmail.com', '$2a$10$HlTuH6DjVesy4Eo9AJcmM.sivbiy97s1PezYm6QV5rtJiKqojljUW', 'TRUE', 'FALSE') was aborted: ERROR: null value in column "provider_id" violates not-null constraint
  Detail: Failing row contains (1, ntduoc, ntduoc@gmail.com, $2a$10$HlTuH6DjVesy4Eo9AJcmM.sivbiy97s1PezYm6QV5rtJiKqojljUW, 2019-01-15 00:04:28.40747, 2019-01-15 00:04:28.40747, null, null, f, t, null).  Call getNextException to see other errors in the batch.
2019-01-15 00:04:28,442 ERROR [main] TomcatStarter: Error starting Tomcat context. Exception: org.springframework.beans.factory.UnsatisfiedDependencyException. Message: Error creating bean with name 'securityConfig': Unsatisfied dependency expressed through field 'customUserDetailsService'; nested exception is org.springframework.beans.factory.UnsatisfiedDependencyException: Error creating bean with name 'customUserDetailsService': Unsatisfied dependency expressed through field 'userRepository'; nested exception is org.springframework.beans.factory.BeanCreationException: Error creating bean with name 'userRepository': Cannot create inner bean '(inner bean)#68e7c8c3' of type [org.springframework.orm.jpa.SharedEntityManagerCreator] while setting bean property 'entityManager'; nested exception is org.springframework.beans.factory.BeanCreationException: Error creating bean with name '(inner bean)#68e7c8c3': Cannot resolve reference to bean 'entityManagerFactory' while setting constructor argument; nested exception is org.springframework.beans.factory.BeanCreationException: Error creating bean with name 'liquibase' defined in class path resource [org/springframework/boot/autoconfigure/liquibase/LiquibaseAutoConfiguration$LiquibaseConfiguration.class]: Invocation of init method failed; nested exception is liquibase.exception.MigrationFailedException: Migration failed for change set liquibase/changelog/201812202251_added_table_tai_khoan.xml::201812202251-1::ntduoc:
     Reason: liquibase.exception.DatabaseException: java.sql.BatchUpdateException: Batch entry 0 INSERT INTO public.tai_khoan(ten_dang_nhap, email, mat_khau, hoat_dong, xac_thuc_email) VALUES('ntduoc', 'ntduoc@gmail.com', '$2a$10$HlTuH6DjVesy4Eo9AJcmM.sivbiy97s1PezYm6QV5rtJiKqojljUW', 'TRUE', 'FALSE') was aborted: ERROR: null value in column "provider_id" violates not-null constraint
  Detail: Failing row contains (1, ntduoc, ntduoc@gmail.com, $2a$10$HlTuH6DjVesy4Eo9AJcmM.sivbiy97s1PezYm6QV5rtJiKqojljUW, 2019-01-15 00:04:28.40747, 2019-01-15 00:04:28.40747, null, null, f, t, null).  Call getNextException to see other errors in the batch.
2019-01-15 00:04:28,467 WARN  [main] WebappClassLoaderBase: The web application [ROOT] appears to have started a thread named [HikariPool-1 housekeeper] but has failed to stop it. This is very likely to create a memory leak. Stack trace of thread:
 sun.misc.Unsafe.park(Native Method)
 java.util.concurrent.locks.LockSupport.parkNanos(Unknown Source)
 java.util.concurrent.locks.AbstractQueuedSynchronizer$ConditionObject.awaitNanos(Unknown Source)
 java.util.concurrent.ScheduledThreadPoolExecutor$DelayedWorkQueue.take(Unknown Source)
 java.util.concurrent.ScheduledThreadPoolExecutor$DelayedWorkQueue.take(Unknown Source)
 java.util.concurrent.ThreadPoolExecutor.getTask(Unknown Source)
 java.util.concurrent.ThreadPoolExecutor.runWorker(Unknown Source)
 java.util.concurrent.ThreadPoolExecutor$Worker.run(Unknown Source)
 java.lang.Thread.run(Unknown Source)
2019-01-15 00:04:28,468 WARN  [main] WebappClassLoaderBase: The web application [ROOT] appears to have started a thread named [HikariPool-1 connection adder] but has failed to stop it. This is very likely to create a memory leak. Stack trace of thread:
 sun.misc.Unsafe.park(Native Method)
 java.util.concurrent.locks.LockSupport.parkNanos(Unknown Source)
 java.util.concurrent.locks.AbstractQueuedSynchronizer$ConditionObject.awaitNanos(Unknown Source)
 java.util.concurrent.LinkedBlockingQueue.poll(Unknown Source)
 java.util.concurrent.ThreadPoolExecutor.getTask(Unknown Source)
 java.util.concurrent.ThreadPoolExecutor.runWorker(Unknown Source)
 java.util.concurrent.ThreadPoolExecutor$Worker.run(Unknown Source)
 java.lang.Thread.run(Unknown Source)
2019-01-15 00:04:28,470 WARN  [main] AnnotationConfigServletWebServerApplicationContext: Exception encountered during context initialization - cancelling refresh attempt: org.springframework.context.ApplicationContextException: Unable to start web server; nested exception is org.springframework.boot.web.server.WebServerException: Unable to start embedded Tomcat
2019-01-15 00:04:28,526 ERROR [main] SpringApplication: Application run failed
org.springframework.context.ApplicationContextException: Unable to start web server; nested exception is org.springframework.boot.web.server.WebServerException: Unable to start embedded Tomcat
	at org.springframework.boot.web.servlet.context.ServletWebServerApplicationContext.onRefresh(ServletWebServerApplicationContext.java:157)
	at org.springframework.context.support.AbstractApplicationContext.refresh(AbstractApplicationContext.java:540)
	at org.springframework.boot.web.servlet.context.ServletWebServerApplicationContext.refresh(ServletWebServerApplicationContext.java:142)
	at org.springframework.boot.SpringApplication.refresh(SpringApplication.java:775)
	at org.springframework.boot.SpringApplication.refreshContext(SpringApplication.java:397)
	at org.springframework.boot.SpringApplication.run(SpringApplication.java:316)
	at org.springframework.boot.SpringApplication.run(SpringApplication.java:1260)
	at org.springframework.boot.SpringApplication.run(SpringApplication.java:1248)
	at com.vn.ctu.qlt.app.QlThuoc1Application.main(QlThuoc1Application.java:14)
Caused by: org.springframework.boot.web.server.WebServerException: Unable to start embedded Tomcat
	at org.springframework.boot.web.embedded.tomcat.TomcatWebServer.initialize(TomcatWebServer.java:125)
	at org.springframework.boot.web.embedded.tomcat.TomcatWebServer.<init>(TomcatWebServer.java:86)
	at org.springframework.boot.web.embedded.tomcat.TomcatServletWebServerFactory.getTomcatWebServer(TomcatServletWebServerFactory.java:415)
	at org.springframework.boot.web.embedded.tomcat.TomcatServletWebServerFactory.getWebServer(TomcatServletWebServerFactory.java:174)
	at org.springframework.boot.web.servlet.context.ServletWebServerApplicationContext.createWebServer(ServletWebServerApplicationContext.java:181)
	at org.springframework.boot.web.servlet.context.ServletWebServerApplicationContext.onRefresh(ServletWebServerApplicationContext.java:154)
	... 8 common frames omitted
Caused by: org.springframework.beans.factory.UnsatisfiedDependencyException: Error creating bean with name 'securityConfig': Unsatisfied dependency expressed through field 'customUserDetailsService'; nested exception is org.springframework.beans.factory.UnsatisfiedDependencyException: Error creating bean with name 'customUserDetailsService': Unsatisfied dependency expressed through field 'userRepository'; nested exception is org.springframework.beans.factory.BeanCreationException: Error creating bean with name 'userRepository': Cannot create inner bean '(inner bean)#68e7c8c3' of type [org.springframework.orm.jpa.SharedEntityManagerCreator] while setting bean property 'entityManager'; nested exception is org.springframework.beans.factory.BeanCreationException: Error creating bean with name '(inner bean)#68e7c8c3': Cannot resolve reference to bean 'entityManagerFactory' while setting constructor argument; nested exception is org.springframework.beans.factory.BeanCreationException: Error creating bean with name 'liquibase' defined in class path resource [org/springframework/boot/autoconfigure/liquibase/LiquibaseAutoConfiguration$LiquibaseConfiguration.class]: Invocation of init method failed; nested exception is liquibase.exception.MigrationFailedException: Migration failed for change set liquibase/changelog/201812202251_added_table_tai_khoan.xml::201812202251-1::ntduoc:
     Reason: liquibase.exception.DatabaseException: java.sql.BatchUpdateException: Batch entry 0 INSERT INTO public.tai_khoan(ten_dang_nhap, email, mat_khau, hoat_dong, xac_thuc_email) VALUES('ntduoc', 'ntduoc@gmail.com', '$2a$10$HlTuH6DjVesy4Eo9AJcmM.sivbiy97s1PezYm6QV5rtJiKqojljUW', 'TRUE', 'FALSE') was aborted: ERROR: null value in column "provider_id" violates not-null constraint
  Detail: Failing row contains (1, ntduoc, ntduoc@gmail.com, $2a$10$HlTuH6DjVesy4Eo9AJcmM.sivbiy97s1PezYm6QV5rtJiKqojljUW, 2019-01-15 00:04:28.40747, 2019-01-15 00:04:28.40747, null, null, f, t, null).  Call getNextException to see other errors in the batch.
	at org.springframework.beans.factory.annotation.AutowiredAnnotationBeanPostProcessor$AutowiredFieldElement.inject(AutowiredAnnotationBeanPostProcessor.java:596)
	at org.springframework.beans.factory.annotation.InjectionMetadata.inject(InjectionMetadata.java:90)
	at org.springframework.beans.factory.annotation.AutowiredAnnotationBeanPostProcessor.postProcessProperties(AutowiredAnnotationBeanPostProcessor.java:374)
	at org.springframework.beans.factory.support.AbstractAutowireCapableBeanFactory.populateBean(AbstractAutowireCapableBeanFactory.java:1378)
	at org.springframework.beans.factory.support.AbstractAutowireCapableBeanFactory.doCreateBean(AbstractAutowireCapableBeanFactory.java:575)
	at org.springframework.beans.factory.support.AbstractAutowireCapableBeanFactory.createBean(AbstractAutowireCapableBeanFactory.java:498)
	at org.springframework.beans.factory.support.AbstractBeanFactory.lambda$doGetBean$0(AbstractBeanFactory.java:320)
	at org.springframework.beans.factory.support.DefaultSingletonBeanRegistry.getSingleton(DefaultSingletonBeanRegistry.java:222)
	at org.springframework.beans.factory.support.AbstractBeanFactory.doGetBean(AbstractBeanFactory.java:318)
	at org.springframework.beans.factory.support.AbstractBeanFactory.getBean(AbstractBeanFactory.java:199)
	at org.springframework.beans.factory.support.ConstructorResolver.instantiateUsingFactoryMethod(ConstructorResolver.java:392)
	at org.springframework.beans.factory.support.AbstractAutowireCapableBeanFactory.instantiateUsingFactoryMethod(AbstractAutowireCapableBeanFactory.java:1288)
	at org.springframework.beans.factory.support.AbstractAutowireCapableBeanFactory.createBeanInstance(AbstractAutowireCapableBeanFactory.java:1127)
	at org.springframework.beans.factory.support.AbstractAutowireCapableBeanFactory.doCreateBean(AbstractAutowireCapableBeanFactory.java:538)
	at org.springframework.beans.factory.support.AbstractAutowireCapableBeanFactory.createBean(AbstractAutowireCapableBeanFactory.java:498)
	at org.springframework.beans.factory.support.AbstractBeanFactory.lambda$doGetBean$0(AbstractBeanFactory.java:320)
	at org.springframework.beans.factory.support.DefaultSingletonBeanRegistry.getSingleton(DefaultSingletonBeanRegistry.java:222)
	at org.springframework.beans.factory.support.AbstractBeanFactory.doGetBean(AbstractBeanFactory.java:318)
	at org.springframework.beans.factory.support.AbstractBeanFactory.getBean(AbstractBeanFactory.java:204)
	at org.springframework.boot.web.servlet.ServletContextInitializerBeans.getOrderedBeansOfType(ServletContextInitializerBeans.java:235)
	at org.springframework.boot.web.servlet.ServletContextInitializerBeans.addAsRegistrationBean(ServletContextInitializerBeans.java:193)
	at org.springframework.boot.web.servlet.ServletContextInitializerBeans.addAsRegistrationBean(ServletContextInitializerBeans.java:188)
	at org.springframework.boot.web.servlet.ServletContextInitializerBeans.addAdaptableBeans(ServletContextInitializerBeans.java:170)
	at org.springframework.boot.web.servlet.ServletContextInitializerBeans.<init>(ServletContextInitializerBeans.java:89)
	at org.springframework.boot.web.servlet.context.ServletWebServerApplicationContext.getServletContextInitializerBeans(ServletWebServerApplicationContext.java:261)
	at org.springframework.boot.web.servlet.context.ServletWebServerApplicationContext.selfInitialize(ServletWebServerApplicationContext.java:234)
	at org.springframework.boot.web.embedded.tomcat.TomcatStarter.onStartup(TomcatStarter.java:54)
	at org.apache.catalina.core.StandardContext.startInternal(StandardContext.java:5120)
	at org.apache.catalina.util.LifecycleBase.start(LifecycleBase.java:183)
	at org.apache.catalina.core.ContainerBase$StartChild.call(ContainerBase.java:1382)
	at org.apache.catalina.core.ContainerBase$StartChild.call(ContainerBase.java:1372)
	at java.util.concurrent.FutureTask.run(Unknown Source)
	at org.apache.tomcat.util.threads.InlineExecutorService.execute(InlineExecutorService.java:75)
	at java.util.concurrent.AbstractExecutorService.submit(Unknown Source)
	at org.apache.catalina.core.ContainerBase.startInternal(ContainerBase.java:907)
	at org.apache.catalina.core.StandardHost.startInternal(StandardHost.java:831)
	at org.apache.catalina.util.LifecycleBase.start(LifecycleBase.java:183)
	at org.apache.catalina.core.ContainerBase$StartChild.call(ContainerBase.java:1382)
	at org.apache.catalina.core.ContainerBase$StartChild.call(ContainerBase.java:1372)
	at java.util.concurrent.FutureTask.run(Unknown Source)
	at org.apache.tomcat.util.threads.InlineExecutorService.execute(InlineExecutorService.java:75)
	at java.util.concurrent.AbstractExecutorService.submit(Unknown Source)
	at org.apache.catalina.core.ContainerBase.startInternal(ContainerBase.java:907)
	at org.apache.catalina.core.StandardEngine.startInternal(StandardEngine.java:262)
	at org.apache.catalina.util.LifecycleBase.start(LifecycleBase.java:183)
	at org.apache.catalina.core.StandardService.startInternal(StandardService.java:423)
	at org.apache.catalina.util.LifecycleBase.start(LifecycleBase.java:183)
	at org.apache.catalina.core.StandardServer.startInternal(StandardServer.java:933)
	at org.apache.catalina.util.LifecycleBase.start(LifecycleBase.java:183)
	at org.apache.catalina.startup.Tomcat.start(Tomcat.java:398)
	at org.springframework.boot.web.embedded.tomcat.TomcatWebServer.initialize(TomcatWebServer.java:106)
	... 13 common frames omitted
Caused by: org.springframework.beans.factory.UnsatisfiedDependencyException: Error creating bean with name 'customUserDetailsService': Unsatisfied dependency expressed through field 'userRepository'; nested exception is org.springframework.beans.factory.BeanCreationException: Error creating bean with name 'userRepository': Cannot create inner bean '(inner bean)#68e7c8c3' of type [org.springframework.orm.jpa.SharedEntityManagerCreator] while setting bean property 'entityManager'; nested exception is org.springframework.beans.factory.BeanCreationException: Error creating bean with name '(inner bean)#68e7c8c3': Cannot resolve reference to bean 'entityManagerFactory' while setting constructor argument; nested exception is org.springframework.beans.factory.BeanCreationException: Error creating bean with name 'liquibase' defined in class path resource [org/springframework/boot/autoconfigure/liquibase/LiquibaseAutoConfiguration$LiquibaseConfiguration.class]: Invocation of init method failed; nested exception is liquibase.exception.MigrationFailedException: Migration failed for change set liquibase/changelog/201812202251_added_table_tai_khoan.xml::201812202251-1::ntduoc:
     Reason: liquibase.exception.DatabaseException: java.sql.BatchUpdateException: Batch entry 0 INSERT INTO public.tai_khoan(ten_dang_nhap, email, mat_khau, hoat_dong, xac_thuc_email) VALUES('ntduoc', 'ntduoc@gmail.com', '$2a$10$HlTuH6DjVesy4Eo9AJcmM.sivbiy97s1PezYm6QV5rtJiKqojljUW', 'TRUE', 'FALSE') was aborted: ERROR: null value in column "provider_id" violates not-null constraint
  Detail: Failing row contains (1, ntduoc, ntduoc@gmail.com, $2a$10$HlTuH6DjVesy4Eo9AJcmM.sivbiy97s1PezYm6QV5rtJiKqojljUW, 2019-01-15 00:04:28.40747, 2019-01-15 00:04:28.40747, null, null, f, t, null).  Call getNextException to see other errors in the batch.
	at org.springframework.beans.factory.annotation.AutowiredAnnotationBeanPostProcessor$AutowiredFieldElement.inject(AutowiredAnnotationBeanPostProcessor.java:596)
	at org.springframework.beans.factory.annotation.InjectionMetadata.inject(InjectionMetadata.java:90)
	at org.springframework.beans.factory.annotation.AutowiredAnnotationBeanPostProcessor.postProcessProperties(AutowiredAnnotationBeanPostProcessor.java:374)
	at org.springframework.beans.factory.support.AbstractAutowireCapableBeanFactory.populateBean(AbstractAutowireCapableBeanFactory.java:1378)
	at org.springframework.beans.factory.support.AbstractAutowireCapableBeanFactory.doCreateBean(AbstractAutowireCapableBeanFactory.java:575)
	at org.springframework.beans.factory.support.AbstractAutowireCapableBeanFactory.createBean(AbstractAutowireCapableBeanFactory.java:498)
	at org.springframework.beans.factory.support.AbstractBeanFactory.lambda$doGetBean$0(AbstractBeanFactory.java:320)
	at org.springframework.beans.factory.support.DefaultSingletonBeanRegistry.getSingleton(DefaultSingletonBeanRegistry.java:222)
	at org.springframework.beans.factory.support.AbstractBeanFactory.doGetBean(AbstractBeanFactory.java:318)
	at org.springframework.beans.factory.support.AbstractBeanFactory.getBean(AbstractBeanFactory.java:199)
	at org.springframework.beans.factory.config.DependencyDescriptor.resolveCandidate(DependencyDescriptor.java:277)
	at org.springframework.beans.factory.support.DefaultListableBeanFactory.doResolveDependency(DefaultListableBeanFactory.java:1244)
	at org.springframework.beans.factory.support.DefaultListableBeanFactory.resolveDependency(DefaultListableBeanFactory.java:1164)
	at org.springframework.beans.factory.annotation.AutowiredAnnotationBeanPostProcessor$AutowiredFieldElement.inject(AutowiredAnnotationBeanPostProcessor.java:593)
	... 63 common frames omitted
Caused by: org.springframework.beans.factory.BeanCreationException: Error creating bean with name 'userRepository': Cannot create inner bean '(inner bean)#68e7c8c3' of type [org.springframework.orm.jpa.SharedEntityManagerCreator] while setting bean property 'entityManager'; nested exception is org.springframework.beans.factory.BeanCreationException: Error creating bean with name '(inner bean)#68e7c8c3': Cannot resolve reference to bean 'entityManagerFactory' while setting constructor argument; nested exception is org.springframework.beans.factory.BeanCreationException: Error creating bean with name 'liquibase' defined in class path resource [org/springframework/boot/autoconfigure/liquibase/LiquibaseAutoConfiguration$LiquibaseConfiguration.class]: Invocation of init method failed; nested exception is liquibase.exception.MigrationFailedException: Migration failed for change set liquibase/changelog/201812202251_added_table_tai_khoan.xml::201812202251-1::ntduoc:
     Reason: liquibase.exception.DatabaseException: java.sql.BatchUpdateException: Batch entry 0 INSERT INTO public.tai_khoan(ten_dang_nhap, email, mat_khau, hoat_dong, xac_thuc_email) VALUES('ntduoc', 'ntduoc@gmail.com', '$2a$10$HlTuH6DjVesy4Eo9AJcmM.sivbiy97s1PezYm6QV5rtJiKqojljUW', 'TRUE', 'FALSE') was aborted: ERROR: null value in column "provider_id" violates not-null constraint
  Detail: Failing row contains (1, ntduoc, ntduoc@gmail.com, $2a$10$HlTuH6DjVesy4Eo9AJcmM.sivbiy97s1PezYm6QV5rtJiKqojljUW, 2019-01-15 00:04:28.40747, 2019-01-15 00:04:28.40747, null, null, f, t, null).  Call getNextException to see other errors in the batch.
	at org.springframework.beans.factory.support.BeanDefinitionValueResolver.resolveInnerBean(BeanDefinitionValueResolver.java:327)
	at org.springframework.beans.factory.support.BeanDefinitionValueResolver.resolveValueIfNecessary(BeanDefinitionValueResolver.java:131)
	at org.springframework.beans.factory.support.AbstractAutowireCapableBeanFactory.applyPropertyValues(AbstractAutowireCapableBeanFactory.java:1648)
	at org.springframework.beans.factory.support.AbstractAutowireCapableBeanFactory.populateBean(AbstractAutowireCapableBeanFactory.java:1400)
	at org.springframework.beans.factory.support.AbstractAutowireCapableBeanFactory.doCreateBean(AbstractAutowireCapableBeanFactory.java:575)
	at org.springframework.beans.factory.support.AbstractAutowireCapableBeanFactory.createBean(AbstractAutowireCapableBeanFactory.java:498)
	at org.springframework.beans.factory.support.AbstractBeanFactory.lambda$doGetBean$0(AbstractBeanFactory.java:320)
	at org.springframework.beans.factory.support.DefaultSingletonBeanRegistry.getSingleton(DefaultSingletonBeanRegistry.java:222)
	at org.springframework.beans.factory.support.AbstractBeanFactory.doGetBean(AbstractBeanFactory.java:318)
	at org.springframework.beans.factory.support.AbstractBeanFactory.getBean(AbstractBeanFactory.java:199)
	at org.springframework.beans.factory.config.DependencyDescriptor.resolveCandidate(DependencyDescriptor.java:277)
	at org.springframework.beans.factory.support.DefaultListableBeanFactory.doResolveDependency(DefaultListableBeanFactory.java:1244)
	at org.springframework.beans.factory.support.DefaultListableBeanFactory.resolveDependency(DefaultListableBeanFactory.java:1164)
	at org.springframework.beans.factory.annotation.AutowiredAnnotationBeanPostProcessor$AutowiredFieldElement.inject(AutowiredAnnotationBeanPostProcessor.java:593)
	... 76 common frames omitted
Caused by: org.springframework.beans.factory.BeanCreationException: Error creating bean with name '(inner bean)#68e7c8c3': Cannot resolve reference to bean 'entityManagerFactory' while setting constructor argument; nested exception is org.springframework.beans.factory.BeanCreationException: Error creating bean with name 'liquibase' defined in class path resource [org/springframework/boot/autoconfigure/liquibase/LiquibaseAutoConfiguration$LiquibaseConfiguration.class]: Invocation of init method failed; nested exception is liquibase.exception.MigrationFailedException: Migration failed for change set liquibase/changelog/201812202251_added_table_tai_khoan.xml::201812202251-1::ntduoc:
     Reason: liquibase.exception.DatabaseException: java.sql.BatchUpdateException: Batch entry 0 INSERT INTO public.tai_khoan(ten_dang_nhap, email, mat_khau, hoat_dong, xac_thuc_email) VALUES('ntduoc', 'ntduoc@gmail.com', '$2a$10$HlTuH6DjVesy4Eo9AJcmM.sivbiy97s1PezYm6QV5rtJiKqojljUW', 'TRUE', 'FALSE') was aborted: ERROR: null value in column "provider_id" violates not-null constraint
  Detail: Failing row contains (1, ntduoc, ntduoc@gmail.com, $2a$10$HlTuH6DjVesy4Eo9AJcmM.sivbiy97s1PezYm6QV5rtJiKqojljUW, 2019-01-15 00:04:28.40747, 2019-01-15 00:04:28.40747, null, null, f, t, null).  Call getNextException to see other errors in the batch.
	at org.springframework.beans.factory.support.BeanDefinitionValueResolver.resolveReference(BeanDefinitionValueResolver.java:378)
	at org.springframework.beans.factory.support.BeanDefinitionValueResolver.resolveValueIfNecessary(BeanDefinitionValueResolver.java:110)
	at org.springframework.beans.factory.support.ConstructorResolver.resolveConstructorArguments(ConstructorResolver.java:662)
	at org.springframework.beans.factory.support.ConstructorResolver.instantiateUsingFactoryMethod(ConstructorResolver.java:479)
	at org.springframework.beans.factory.support.AbstractAutowireCapableBeanFactory.instantiateUsingFactoryMethod(AbstractAutowireCapableBeanFactory.java:1288)
	at org.springframework.beans.factory.support.AbstractAutowireCapableBeanFactory.createBeanInstance(AbstractAutowireCapableBeanFactory.java:1127)
	at org.springframework.beans.factory.support.AbstractAutowireCapableBeanFactory.doCreateBean(AbstractAutowireCapableBeanFactory.java:538)
	at org.springframework.beans.factory.support.AbstractAutowireCapableBeanFactory.createBean(AbstractAutowireCapableBeanFactory.java:498)
	at org.springframework.beans.factory.support.BeanDefinitionValueResolver.resolveInnerBean(BeanDefinitionValueResolver.java:312)
	... 89 common frames omitted
Caused by: org.springframework.beans.factory.BeanCreationException: Error creating bean with name 'liquibase' defined in class path resource [org/springframework/boot/autoconfigure/liquibase/LiquibaseAutoConfiguration$LiquibaseConfiguration.class]: Invocation of init method failed; nested exception is liquibase.exception.MigrationFailedException: Migration failed for change set liquibase/changelog/201812202251_added_table_tai_khoan.xml::201812202251-1::ntduoc:
     Reason: liquibase.exception.DatabaseException: java.sql.BatchUpdateException: Batch entry 0 INSERT INTO public.tai_khoan(ten_dang_nhap, email, mat_khau, hoat_dong, xac_thuc_email) VALUES('ntduoc', 'ntduoc@gmail.com', '$2a$10$HlTuH6DjVesy4Eo9AJcmM.sivbiy97s1PezYm6QV5rtJiKqojljUW', 'TRUE', 'FALSE') was aborted: ERROR: null value in column "provider_id" violates not-null constraint
  Detail: Failing row contains (1, ntduoc, ntduoc@gmail.com, $2a$10$HlTuH6DjVesy4Eo9AJcmM.sivbiy97s1PezYm6QV5rtJiKqojljUW, 2019-01-15 00:04:28.40747, 2019-01-15 00:04:28.40747, null, null, f, t, null).  Call getNextException to see other errors in the batch.
	at org.springframework.beans.factory.support.AbstractAutowireCapableBeanFactory.initializeBean(AbstractAutowireCapableBeanFactory.java:1745)
	at org.springframework.beans.factory.support.AbstractAutowireCapableBeanFactory.doCreateBean(AbstractAutowireCapableBeanFactory.java:576)
	at org.springframework.beans.factory.support.AbstractAutowireCapableBeanFactory.createBean(AbstractAutowireCapableBeanFactory.java:498)
	at org.springframework.beans.factory.support.AbstractBeanFactory.lambda$doGetBean$0(AbstractBeanFactory.java:320)
	at org.springframework.beans.factory.support.DefaultSingletonBeanRegistry.getSingleton(DefaultSingletonBeanRegistry.java:222)
	at org.springframework.beans.factory.support.AbstractBeanFactory.doGetBean(AbstractBeanFactory.java:318)
	at org.springframework.beans.factory.support.AbstractBeanFactory.getBean(AbstractBeanFactory.java:199)
	at org.springframework.beans.factory.support.AbstractBeanFactory.doGetBean(AbstractBeanFactory.java:307)
	at org.springframework.beans.factory.support.AbstractBeanFactory.getBean(AbstractBeanFactory.java:199)
	at org.springframework.beans.factory.support.BeanDefinitionValueResolver.resolveReference(BeanDefinitionValueResolver.java:367)
	... 97 common frames omitted
Caused by: liquibase.exception.MigrationFailedException: Migration failed for change set liquibase/changelog/201812202251_added_table_tai_khoan.xml::201812202251-1::ntduoc:
     Reason: liquibase.exception.DatabaseException: java.sql.BatchUpdateException: Batch entry 0 INSERT INTO public.tai_khoan(ten_dang_nhap, email, mat_khau, hoat_dong, xac_thuc_email) VALUES('ntduoc', 'ntduoc@gmail.com', '$2a$10$HlTuH6DjVesy4Eo9AJcmM.sivbiy97s1PezYm6QV5rtJiKqojljUW', 'TRUE', 'FALSE') was aborted: ERROR: null value in column "provider_id" violates not-null constraint
  Detail: Failing row contains (1, ntduoc, ntduoc@gmail.com, $2a$10$HlTuH6DjVesy4Eo9AJcmM.sivbiy97s1PezYm6QV5rtJiKqojljUW, 2019-01-15 00:04:28.40747, 2019-01-15 00:04:28.40747, null, null, f, t, null).  Call getNextException to see other errors in the batch.
	at liquibase.changelog.ChangeSet.execute(ChangeSet.java:637)
	at liquibase.changelog.visitor.UpdateVisitor.visit(UpdateVisitor.java:53)
	at liquibase.changelog.ChangeLogIterator.run(ChangeLogIterator.java:78)
	at liquibase.Liquibase.update(Liquibase.java:202)
	at liquibase.Liquibase.update(Liquibase.java:179)
	at liquibase.integration.spring.SpringLiquibase.performUpdate(SpringLiquibase.java:353)
	at liquibase.integration.spring.SpringLiquibase.afterPropertiesSet(SpringLiquibase.java:305)
	at org.springframework.beans.factory.support.AbstractAutowireCapableBeanFactory.invokeInitMethods(AbstractAutowireCapableBeanFactory.java:1804)
	at org.springframework.beans.factory.support.AbstractAutowireCapableBeanFactory.initializeBean(AbstractAutowireCapableBeanFactory.java:1741)
	... 106 common frames omitted
Caused by: liquibase.exception.DatabaseException: java.sql.BatchUpdateException: Batch entry 0 INSERT INTO public.tai_khoan(ten_dang_nhap, email, mat_khau, hoat_dong, xac_thuc_email) VALUES('ntduoc', 'ntduoc@gmail.com', '$2a$10$HlTuH6DjVesy4Eo9AJcmM.sivbiy97s1PezYm6QV5rtJiKqojljUW', 'TRUE', 'FALSE') was aborted: ERROR: null value in column "provider_id" violates not-null constraint
  Detail: Failing row contains (1, ntduoc, ntduoc@gmail.com, $2a$10$HlTuH6DjVesy4Eo9AJcmM.sivbiy97s1PezYm6QV5rtJiKqojljUW, 2019-01-15 00:04:28.40747, 2019-01-15 00:04:28.40747, null, null, f, t, null).  Call getNextException to see other errors in the batch.
	at liquibase.statement.ExecutablePreparedStatementBase.execute(ExecutablePreparedStatementBase.java:85)
	at liquibase.executor.jvm.JdbcExecutor.execute(JdbcExecutor.java:115)
	at liquibase.database.AbstractJdbcDatabase.execute(AbstractJdbcDatabase.java:1229)
	at liquibase.database.AbstractJdbcDatabase.executeStatements(AbstractJdbcDatabase.java:1211)
	at liquibase.changelog.ChangeSet.execute(ChangeSet.java:600)
	... 114 common frames omitted
Caused by: java.sql.BatchUpdateException: Batch entry 0 INSERT INTO public.tai_khoan(ten_dang_nhap, email, mat_khau, hoat_dong, xac_thuc_email) VALUES('ntduoc', 'ntduoc@gmail.com', '$2a$10$HlTuH6DjVesy4Eo9AJcmM.sivbiy97s1PezYm6QV5rtJiKqojljUW', 'TRUE', 'FALSE') was aborted: ERROR: null value in column "provider_id" violates not-null constraint
  Detail: Failing row contains (1, ntduoc, ntduoc@gmail.com, $2a$10$HlTuH6DjVesy4Eo9AJcmM.sivbiy97s1PezYm6QV5rtJiKqojljUW, 2019-01-15 00:04:28.40747, 2019-01-15 00:04:28.40747, null, null, f, t, null).  Call getNextException to see other errors in the batch.
	at org.postgresql.jdbc.BatchResultHandler.handleError(BatchResultHandler.java:148)
	at org.postgresql.core.v3.QueryExecutorImpl.processResults(QueryExecutorImpl.java:2184)
	at org.postgresql.core.v3.QueryExecutorImpl.execute(QueryExecutorImpl.java:481)
	at org.postgresql.jdbc.PgStatement.executeBatch(PgStatement.java:840)
	at org.postgresql.jdbc.PgPreparedStatement.executeBatch(PgPreparedStatement.java:1538)
	at com.zaxxer.hikari.pool.ProxyStatement.executeBatch(ProxyStatement.java:128)
	at com.zaxxer.hikari.pool.HikariProxyPreparedStatement.executeBatch(HikariProxyPreparedStatement.java)
	at liquibase.statement.BatchDmlExecutablePreparedStatement.executePreparedStatement(BatchDmlExecutablePreparedStatement.java:65)
	at liquibase.statement.ExecutablePreparedStatementBase.execute(ExecutablePreparedStatementBase.java:83)
	... 118 common frames omitted
Caused by: org.postgresql.util.PSQLException: ERROR: null value in column "provider_id" violates not-null constraint
  Detail: Failing row contains (1, ntduoc, ntduoc@gmail.com, $2a$10$HlTuH6DjVesy4Eo9AJcmM.sivbiy97s1PezYm6QV5rtJiKqojljUW, 2019-01-15 00:04:28.40747, 2019-01-15 00:04:28.40747, null, null, f, t, null).
	at org.postgresql.core.v3.QueryExecutorImpl.receiveErrorResponse(QueryExecutorImpl.java:2440)
	at org.postgresql.core.v3.QueryExecutorImpl.processResults(QueryExecutorImpl.java:2183)
	... 125 common frames omitted
2019-01-15 00:04:52,232 INFO  [main] QlThuoc1Application: Starting QlThuoc1Application on NTDSIVAL with PID 4172 (E:\QLThuocTay\QLThuoc-1\bin\main started by NTDSIVAL in E:\QLThuocTay\QLThuoc-1)
2019-01-15 00:04:52,236 DEBUG [main] QlThuoc1Application: Running with Spring Boot v2.2.0.BUILD-SNAPSHOT, Spring v5.1.4.RELEASE
2019-01-15 00:04:52,237 INFO  [main] QlThuoc1Application: No active profile set, falling back to default profiles: default
2019-01-15 00:04:58,637 DEBUG [main] SQL: alter table tai_khoan drop constraint if exists UKd0golrlr34gkql6so1i4gbuw5
2019-01-15 00:04:58,642 WARN  [main] SqlExceptionHelper: SQL Warning Code: 0, SQLState: 00000
2019-01-15 00:04:58,642 WARN  [main] SqlExceptionHelper: constraint "ukd0golrlr34gkql6so1i4gbuw5" of relation "tai_khoan" does not exist, skipping
2019-01-15 00:04:58,642 DEBUG [main] SQL: alter table tai_khoan add constraint UKd0golrlr34gkql6so1i4gbuw5 unique (email)
2019-01-15 00:04:59,437 DEBUG [main] TokenAuthenticationFilter: Filter 'tokenAuthenticationFilter' configured for use
2019-01-15 00:04:59,713 WARN  [main] JpaBaseConfiguration$JpaWebConfiguration$JpaWebMvcConfiguration: spring.jpa.open-in-view is enabled by default. Therefore, database queries may be performed during view rendering. Explicitly configure spring.jpa.open-in-view to disable this warning
2019-01-15 00:05:00,296 INFO  [main] QlThuoc1Application: Started QlThuoc1Application in 8.869 seconds (JVM running for 9.814)
2019-01-15 00:05:13,920 INFO  [main] QlThuoc1Application: Starting QlThuoc1Application on NTDSIVAL with PID 10504 (E:\QLThuocTay\QLThuoc-1\bin\main started by NTDSIVAL in E:\QLThuocTay\QLThuoc-1)
2019-01-15 00:05:13,923 DEBUG [main] QlThuoc1Application: Running with Spring Boot v2.2.0.BUILD-SNAPSHOT, Spring v5.1.4.RELEASE
2019-01-15 00:05:13,924 INFO  [main] QlThuoc1Application: No active profile set, falling back to default profiles: default
2019-01-15 00:05:20,585 DEBUG [main] TokenAuthenticationFilter: Filter 'tokenAuthenticationFilter' configured for use
2019-01-15 00:05:20,863 WARN  [main] JpaBaseConfiguration$JpaWebConfiguration$JpaWebMvcConfiguration: spring.jpa.open-in-view is enabled by default. Therefore, database queries may be performed during view rendering. Explicitly configure spring.jpa.open-in-view to disable this warning
2019-01-15 00:05:21,422 INFO  [main] QlThuoc1Application: Started QlThuoc1Application in 8.327 seconds (JVM running for 9.355)
